<?xml version="1.0" encoding="UTF-8"?>
<!-- Generated by org.testng.reporters.JUnitReportReporter -->
<testsuite hostname="KAWSHI" failures="0" tests="2" name="Test_Logout" time="6.770" errors="0" timestamp="2021-01-08T16:14:43 IST" skipped="0">
  <testcase classname="Test_Logout" name="LogoutSuccessful" time="1.416"/>
  <system-out/>
  <testcase classname="Test_Logout" name="LogoutFail" time="5.354"/>
  <system-out/>
</testsuite> <!-- Test_Logout -->
