<?xml version="1.0" encoding="UTF-8"?>
<!-- Generated by org.testng.reporters.JUnitReportReporter -->
<testsuite hostname="KAWSHI" failures="0" tests="2" name="Test_UserRegistration" time="5.238" errors="0" timestamp="2021-01-20T15:07:31 IST" skipped="0">
  <testcase classname="Test_UserRegistration" name="UserRegistrationFail" time="4.356"/>
  <system-out/>
  <testcase classname="Test_UserRegistration" name="UserRegistrationSuccess" time="0.882"/>
  <system-out/>
</testsuite> <!-- Test_UserRegistration -->
