<?xml version="1.0" encoding="UTF-8"?>
<!-- Generated by org.testng.reporters.JUnitReportReporter -->
<testsuite hostname="KAWSHI" failures="0" tests="1" name="Test_Authorize" time="1.363" errors="0" timestamp="2021-01-08T15:57:07 IST" skipped="0">
  <testcase classname="Test_Authorize" name="test_01" time="1.363"/>
  <system-out/>
</testsuite> <!-- Test_Authorize -->
