<?xml version="1.0" encoding="UTF-8"?>
<!-- Generated by org.testng.reporters.JUnitReportReporter -->
<testsuite hostname="KAWSHI" failures="0" tests="2" name="Test_Login" time="6.086" errors="0" timestamp="2021-01-21T16:34:48 IST" skipped="0">
  <testcase classname="Test_Login" name="LoginFail" time="4.948"/>
  <system-out/>
  <testcase classname="Test_Login" name="LoginSuccess" time="1.138"/>
  <system-out/>
</testsuite> <!-- Test_Login -->
