<?xml version="1.0" encoding="UTF-8"?>
<!-- Generated by org.testng.reporters.JUnitReportReporter -->
<testsuite hostname="KAWSHI" failures="0" tests="4" name="Test_PasswordReset" time="5.769" errors="0" timestamp="2021-01-08T16:14:43 IST" skipped="0">
  <testcase classname="Test_PasswordReset" name="PasswordResetRequestSuccess" time="1.238"/>
  <system-out/>
  <testcase classname="Test_PasswordReset" name="PasswordResetRequestFail" time="1.229"/>
  <system-out/>
  <testcase classname="Test_PasswordReset" name="PasswordResetSuccess" time="1.491"/>
  <system-out/>
  <testcase classname="Test_PasswordReset" name="PasswordResetFail" time="1.811"/>
  <system-out/>
</testsuite> <!-- Test_PasswordReset -->
