<?xml version="1.0" encoding="UTF-8"?>
<!-- Generated by org.testng.reporters.JUnitReportReporter -->
<testsuite hostname="KAWSHI" failures="0" tests="2" name="Test_ChangePassword" time="2.669" errors="0" timestamp="2021-01-08T16:14:43 IST" skipped="0">
  <testcase classname="Test_ChangePassword" name="ChangePasswordSuccess" time="1.318"/>
  <system-out/>
  <testcase classname="Test_ChangePassword" name="ChangePasswordFail" time="1.351"/>
  <system-out/>
</testsuite> <!-- Test_ChangePassword -->
