<?xml version="1.0" encoding="UTF-8"?>
<!-- Generated by org.testng.reporters.JUnitReportReporter -->
<testsuite hostname="KAWSHI" failures="0" tests="2" name="Test_UserRegistration" time="2.506" errors="0" timestamp="2021-01-08T16:14:43 IST" skipped="0">
  <testcase classname="Test_UserRegistration" name="UserRegistrationSuccess" time="1.171"/>
  <system-out/>
  <testcase classname="Test_UserRegistration" name="UserRegistrationFail" time="1.335"/>
  <system-out/>
</testsuite> <!-- Test_UserRegistration -->
