<?xml version="1.0" encoding="UTF-8"?>
<!-- Generated by org.testng.reporters.JUnitReportReporter -->
<testsuite hostname="KAWSHI" failures="0" tests="2" name="Test_Logout" time="4.919" errors="0" timestamp="2021-01-21T15:40:34 IST" skipped="0">
  <testcase classname="Test_Logout" name="LogoutFail" time="4.058"/>
  <system-out/>
  <testcase classname="Test_Logout" name="LogoutSuccessful" time="0.861"/>
  <system-out/>
</testsuite> <!-- Test_Logout -->
