<?xml version="1.0" encoding="UTF-8"?>
<!-- Generated by org.testng.reporters.JUnitReportReporter -->
<testsuite hostname="KAWSHI" failures="0" tests="1" name="Test01_GET" time="4.716" errors="0" timestamp="2020-12-18T16:47:36 IST" skipped="0">
  <testcase classname="Test01_GET" name="test_01" time="4.716"/>
  <system-out/>
</testsuite> <!-- Test01_GET -->
