<?xml version="1.0" encoding="UTF-8"?>
<!-- Generated by org.testng.reporters.JUnitReportReporter -->
<testsuite hostname="KAWSHI" failures="0" tests="1" name="Test_PasswordReset" time="4.104" errors="0" timestamp="2021-01-21T15:44:56 IST" skipped="0">
  <testcase classname="Test_PasswordReset" name="PasswordResetRequestFail" time="4.104"/>
  <system-out/>
</testsuite> <!-- Test_PasswordReset -->
