<?xml version="1.0" encoding="UTF-8"?>
<!-- Generated by org.testng.reporters.JUnitReportReporter -->
<testsuite hostname="KAWSHI" failures="0" tests="2" name="Test_PasswordChallenge" time="2.491" errors="0" timestamp="2021-01-08T16:14:43 IST" skipped="0">
  <testcase classname="Test_PasswordChallenge" name="PasswordChallengeFail" time="1.300"/>
  <system-out/>
  <testcase classname="Test_PasswordChallenge" name="PasswordChallengeSuccess" time="1.191"/>
  <system-out/>
</testsuite> <!-- Test_PasswordChallenge -->
