<?xml version="1.0" encoding="UTF-8"?>
<!-- Generated by org.testng.reporters.JUnitReportReporter -->
<testsuite hostname="KAWSHI" failures="0" tests="2" name="Test_Login" time="2.544" errors="0" timestamp="2021-01-08T16:14:43 IST" skipped="0">
  <testcase classname="Test_Login" name="LoginFail" time="1.356"/>
  <system-out/>
  <testcase classname="Test_Login" name="LoginSuccess" time="1.188"/>
  <system-out/>
</testsuite> <!-- Test_Login -->
